<?xml version='1.0' encoding='UTF-8'?>
<testsuite hostname="LAPTOP-SLSQDDSH" name="edu.colorado.csci3155.project1.CompilerTest" tests="8" errors="0" failures="0" skipped="0" time="0.031" timestamp="2020-10-13T13:44:47">
                     <properties>
      <property name="jline.esc.timeout" value="0"/><property name="java.runtime.name" value="Java(TM) SE Runtime Environment"/><property name="sun.boot.library.path" value="C:\Program Files\Java\jre\bin"/><property name="java.vm.version" value="25.261-b12"/><property name="java.vm.vendor" value="Oracle Corporation"/><property name="java.vendor.url" value="http://java.oracle.com/"/><property name="path.separator" value=";"/><property name="jna.loaded" value="true"/><property name="java.vm.name" value="Java HotSpot(TM) 64-Bit Server VM"/><property name="file.encoding.pkg" value="sun.io"/><property name="user.country" value="US"/><property name="user.script" value=""/><property name="sun.java.launcher" value="SUN_STANDARD"/><property name="sun.os.patch.level" value=""/><property name="jna.nosys" value="true"/><property name="java.vm.specification.name" value="Java Virtual Machine Specification"/><property name="user.dir" value="E:\IntelliJ\csci3155_s20_project1"/><property name="java.runtime.version" value="1.8.0_261-b12"/><property name="java.awt.graphicsenv" value="sun.awt.Win32GraphicsEnvironment"/><property name="idea.managed" value="true"/><property name="java.endorsed.dirs" value="C:\Program Files\Java\jre\lib\endorsed"/><property name="os.arch" value="amd64"/><property name="java.io.tmpdir" value="C:\Users\SAMBRI~1\AppData\Local\Temp\"/><property name="line.separator" value="
"/><property name="java.vm.specification.vendor" value="Oracle Corporation"/><property name="log4j.ignoreTCL" value="true"/><property name="user.variant" value=""/><property name="os.name" value="Windows 10"/><property name="sbt.log.noformat" value="true"/><property name="sun.jnu.encoding" value="Cp1252"/><property name="jnidispatch.path" value="C:\Users\SAMBRI~1\AppData\Local\Temp\jna-1596230977\jna5789822020119303943.dll"/><property name="java.library.path" value="C:\Program Files\Java\bin;C:\WINDOWS\Sun\Java\bin;C:\WINDOWS\system32;C:\WINDOWS;C:\Program Files (x86)\Common Files\Oracle\Java\javapath;C:\Program Files (x86)\Common Files\Intel\Shared Libraries\redist\intel64\compiler;C:\Windows\system32;C:\Windows;C:\Windows\System32\Wbem;C:\Windows\System32\WindowsPowerShell\v1.0\;C:\Program Files (x86)\NVIDIA Corporation\PhysX\Common;C:\WINDOWS\system32;C:\WINDOWS;C:\WINDOWS\System32\Wbem;C:\WINDOWS\System32\WindowsPowerShell\v1.0\;C:\WINDOWS\System32\OpenSSH\;C:\MinGW\bin;C:\Users\Sam Britten\AppData\Local\Microsoft\WindowsApps;C:\Users\Sam Britten\AppData\Local\atom\bin;%USERPROFILE%\AppData\Local\Microsoft\WindowsApps;;."/><property name="java.specification.name" value="Java Platform API Specification"/><property name="java.class.version" value="52.0"/><property name="sun.management.compiler" value="HotSpot 64-Bit Tiered Compilers"/><property name="os.version" value="10.0"/><property name="swoval.tmpdir" value="C:\Users\Sam Britten\.sbt\1.0"/><property name="user.home" value="C:\Users\Sam Britten"/><property name="user.timezone" value="America/Denver"/><property name="java.awt.printerjob" value="sun.awt.windows.WPrinterJob"/><property name="file.encoding" value="UTF-8"/><property name="java.specification.version" value="1.8"/><property name="java.class.path" value="C:\Users\Sam Britten\AppData\Roaming\JetBrains\IntelliJIdea2020.2\plugins\Scala\launcher\sbt-launch.jar"/><property name="user.name" value="Sam Britten"/><property name="jline.shutdownhook" value="false"/><property name="java.vm.specification.version" value="1.8"/><property name="sun.java.command" value="C:\Users\Sam Britten\AppData\Roaming\JetBrains\IntelliJIdea2020.2\plugins\Scala\launcher\sbt-launch.jar early(addPluginSbtFile=&quot;&quot;&quot;C:\Users\SAMBRI~1\AppData\Local\Temp\idea.sbt&quot;&quot;&quot;) ; set ideaPort in Global := 52049 ; idea-shell"/><property name="java.home" value="C:\Program Files\Java\jre"/><property name="sun.arch.data.model" value="64"/><property name="user.language" value="en"/><property name="java.specification.vendor" value="Oracle Corporation"/><property name="awt.toolkit" value="sun.awt.windows.WToolkit"/><property name="java.vm.info" value="mixed mode"/><property name="java.version" value="1.8.0_261"/><property name="java.ext.dirs" value="C:\Program Files\Java\jre\lib\ext;C:\WINDOWS\Sun\Java\lib\ext"/><property name="sun.boot.class.path" value="C:\Program Files\Java\jre\lib\resources.jar;C:\Program Files\Java\jre\lib\rt.jar;C:\Program Files\Java\jre\lib\sunrsasign.jar;C:\Program Files\Java\jre\lib\jsse.jar;C:\Program Files\Java\jre\lib\jce.jar;C:\Program Files\Java\jre\lib\charsets.jar;C:\Program Files\Java\jre\lib\jfr.jar;C:\Program Files\Java\jre\classes"/><property name="java.vendor" value="Oracle Corporation"/><property name="sun.stderr.encoding" value="cp437"/><property name="file.separator" value="\"/><property name="java.vendor.url.bug" value="http://bugreport.sun.com/bugreport/"/><property name="sbt.supershell" value="false"/><property name="sun.io.unicode.encoding" value="UnicodeLittle"/><property name="sun.cpu.endian" value="little"/><property name="sun.stdout.encoding" value="cp437"/><property name="sun.desktop" value="windows"/><property name="sun.cpu.isalist" value="amd64"/>
    </properties>
                     <testcase classname="edu.colorado.csci3155.project1.CompilerTest" name="simple expression 1" time="0.015">
                                                 
                                               </testcase><testcase classname="edu.colorado.csci3155.project1.CompilerTest" name="simple expression 2" time="0.0">
                                                 
                                               </testcase><testcase classname="edu.colorado.csci3155.project1.CompilerTest" name="simple expression 3" time="0.0">
                                                 
                                               </testcase><testcase classname="edu.colorado.csci3155.project1.CompilerTest" name="simple expression 4" time="0.016">
                                                 
                                               </testcase><testcase classname="edu.colorado.csci3155.project1.CompilerTest" name="LetBinding + Ident Test 1" time="0.0">
                                                 
                                               </testcase><testcase classname="edu.colorado.csci3155.project1.CompilerTest" name="LetBinding + Ident Test 2" time="0.0">
                                                 
                                               </testcase><testcase classname="edu.colorado.csci3155.project1.CompilerTest" name="LetBinding + Ident Test 3" time="0.0">
                                                 
                                               </testcase><testcase classname="edu.colorado.csci3155.project1.CompilerTest" name="LetBinding + Ident Test 4" time="0.0">
                                                 
                                               </testcase>
                     <system-out><![CDATA[]]></system-out>
                     <system-err><![CDATA[]]></system-err>
                   </testsuite>